  Game.cpp
C:\Users\ricar\OneDrive\Desktop\Sheep\Actor.h(32): warning C4244: 'return': conversion from 'const float' to 'int', possible loss of data
C:\Users\ricar\OneDrive\Desktop\Sheep\Game.cpp(24): warning C4305: 'argument': truncation from 'double' to 'float'
C:\Users\ricar\OneDrive\Desktop\Sheep\Game.cpp(27): warning C4305: 'argument': truncation from 'double' to 'float'
C:\Users\ricar\OneDrive\Desktop\Sheep\Game.cpp(30): warning C4305: 'argument': truncation from 'double' to 'float'
C:\Users\ricar\OneDrive\Desktop\Sheep\Game.cpp(31): warning C4305: 'argument': truncation from 'double' to 'float'
C:\Users\ricar\OneDrive\Desktop\Sheep\Game.cpp(32): warning C4305: 'argument': truncation from 'double' to 'float'
C:\Users\ricar\OneDrive\Desktop\Sheep\Game.cpp(34): warning C4305: 'argument': truncation from 'double' to 'float'
C:\Users\ricar\OneDrive\Desktop\Sheep\Game.cpp(35): warning C4305: 'argument': truncation from 'double' to 'float'
C:\Users\ricar\OneDrive\Desktop\Sheep\Game.cpp(38): warning C4305: 'argument': truncation from 'double' to 'float'
C:\Users\ricar\OneDrive\Desktop\Sheep\Game.cpp(41): warning C4305: 'argument': truncation from 'double' to 'float'
C:\Users\ricar\OneDrive\Desktop\Sheep\Game.cpp(44): warning C4305: 'argument': truncation from 'double' to 'float'
C:\Users\ricar\OneDrive\Desktop\Sheep\Game.cpp(47): warning C4305: 'argument': truncation from 'double' to 'float'
C:\Users\ricar\OneDrive\Desktop\Sheep\Game.cpp(56): warning C4305: 'argument': truncation from 'double' to 'float'
C:\Users\ricar\OneDrive\Desktop\Sheep\Game.cpp(57): warning C4305: 'argument': truncation from 'double' to 'float'
C:\Users\ricar\OneDrive\Desktop\Sheep\Game.cpp(58): warning C4305: 'argument': truncation from 'double' to 'float'
C:\Users\ricar\OneDrive\Desktop\Sheep\Game.cpp(64): warning C4305: 'argument': truncation from 'double' to 'float'
C:\Users\ricar\OneDrive\Desktop\Sheep\Game.cpp(64): warning C4244: 'argument': conversion from 'double' to 'float', possible loss of data
C:\Users\ricar\OneDrive\Desktop\Sheep\Game.cpp(89): warning C4305: 'argument': truncation from 'double' to 'GLclampf'
C:\Users\ricar\OneDrive\Desktop\Sheep\Game.cpp(90): warning C4305: 'argument': truncation from 'double' to 'float'
C:\Users\ricar\OneDrive\Desktop\Sheep\Game.cpp(91): warning C4305: 'argument': truncation from 'double' to 'float'
C:\Users\ricar\OneDrive\Desktop\Sheep\Game.cpp(95): warning C4305: 'argument': truncation from 'double' to 'float'
C:\Users\ricar\OneDrive\Desktop\Sheep\Game.cpp(99): warning C4305: 'argument': truncation from 'double' to 'float'
C:\Users\ricar\OneDrive\Desktop\Sheep\Game.cpp(100): warning C4305: 'argument': truncation from 'double' to 'float'
C:\Users\ricar\OneDrive\Desktop\Sheep\Game.cpp(101): warning C4305: 'argument': truncation from 'double' to 'float'
C:\Users\ricar\OneDrive\Desktop\Sheep\Game.cpp(102): warning C4305: 'argument': truncation from 'double' to 'float'
C:\Users\ricar\OneDrive\Desktop\Sheep\Game.cpp(109): warning C4305: 'argument': truncation from 'double' to 'GLclampf'
  glutapp.vcxproj -> C:\Users\ricar\OneDrive\Desktop\Sheep\visualc15\obj\glutapp_Debug\glutapp.exe
