c:\users\ricar\onedrive\desktop\sheep\visualc15\obj\glutapp_debug\vc142.pdb
c:\users\ricar\onedrive\desktop\sheep\visualc15\obj\glutapp_debug\vc142.idb
c:\users\ricar\onedrive\desktop\sheep\visualc15\obj\glutapp_debug\timer.obj
c:\users\ricar\onedrive\desktop\sheep\visualc15\obj\glutapp_debug\textbox.obj
c:\users\ricar\onedrive\desktop\sheep\visualc15\obj\glutapp_debug\texrect.obj
c:\users\ricar\onedrive\desktop\sheep\visualc15\obj\glutapp_debug\rect.obj
c:\users\ricar\onedrive\desktop\sheep\visualc15\obj\glutapp_debug\glutapp.obj
c:\users\ricar\onedrive\desktop\sheep\visualc15\obj\glutapp_debug\game.obj
c:\users\ricar\onedrive\desktop\sheep\visualc15\obj\glutapp_debug\app_main.obj
c:\users\ricar\onedrive\desktop\sheep\visualc15\obj\glutapp_debug\app.obj
c:\users\ricar\onedrive\desktop\sheep\visualc15\obj\glutapp_debug\animatedrect.obj
c:\users\ricar\onedrive\desktop\sheep\visualc15\obj\glutapp_debug\ad.obj
c:\users\ricar\onedrive\desktop\sheep\visualc15\obj\glutapp_debug\stb_image_aug.obj
c:\users\ricar\onedrive\desktop\sheep\visualc15\obj\glutapp_debug\soil.obj
c:\users\ricar\onedrive\desktop\sheep\visualc15\obj\glutapp_debug\image_helper.obj
c:\users\ricar\onedrive\desktop\sheep\visualc15\obj\glutapp_debug\image_dxt.obj
c:\users\ricar\onedrive\desktop\sheep\visualc15\obj\glutapp_debug\glutapp.pdb
c:\users\ricar\onedrive\desktop\sheep\visualc15\obj\glutapp_debug\glutapp.tlog\cl.command.1.tlog
c:\users\ricar\onedrive\desktop\sheep\visualc15\obj\glutapp_debug\glutapp.tlog\cl.read.1.tlog
c:\users\ricar\onedrive\desktop\sheep\visualc15\obj\glutapp_debug\glutapp.tlog\cl.write.1.tlog
c:\users\ricar\onedrive\desktop\sheep\visualc15\obj\glutapp_debug\glutapp.tlog\link.20036-cvtres.read.1.tlog
c:\users\ricar\onedrive\desktop\sheep\visualc15\obj\glutapp_debug\glutapp.tlog\link.20036-cvtres.write.1.tlog
c:\users\ricar\onedrive\desktop\sheep\visualc15\obj\glutapp_debug\glutapp.tlog\link.20036-rc.read.1.tlog
c:\users\ricar\onedrive\desktop\sheep\visualc15\obj\glutapp_debug\glutapp.tlog\link.20036-rc.write.1.tlog
c:\users\ricar\onedrive\desktop\sheep\visualc15\obj\glutapp_debug\glutapp.tlog\link.20036.read.1.tlog
c:\users\ricar\onedrive\desktop\sheep\visualc15\obj\glutapp_debug\glutapp.tlog\link.20036.write.1.tlog
c:\users\ricar\onedrive\desktop\sheep\visualc15\obj\glutapp_debug\glutapp.tlog\link.command.1.tlog
c:\users\ricar\onedrive\desktop\sheep\visualc15\obj\glutapp_debug\glutapp.tlog\link.read.1.tlog
c:\users\ricar\onedrive\desktop\sheep\visualc15\obj\glutapp_debug\glutapp.tlog\link.write.1.tlog
